{
  "stats": {
    "suites": 1,
    "tests": 1,
    "passes": 0,
    "pending": 0,
    "failures": 1,
    "start": "2021-10-12T20:18:45.719Z",
    "end": "2021-10-12T20:19:23.821Z",
    "duration": 38102,
    "testsRegistered": 1,
    "passPercent": 0,
    "pendingPercent": 0,
    "other": 0,
    "hasOther": false,
    "skipped": 0,
    "hasSkipped": false
  },
  "results": [
    {
      "uuid": "4bd4a8de-2f59-4233-a8fc-1be4f0b6256f",
      "title": "",
      "fullFile": "cypress/integration/Create request in RAM/Internal/IBM_user_support .feature",
      "file": "cypress/integration/Create request in RAM/Internal/IBM_user_support .feature",
      "beforeHooks": [],
      "afterHooks": [],
      "tests": [],
      "suites": [
        {
          "uuid": "c5d4bcd1-30ea-4101-a234-d7898639297a",
          "title": "Request IBM user support to RAM",
          "fullFile": "",
          "file": "",
          "beforeHooks": [],
          "afterHooks": [],
          "tests": [
            {
              "title": "Create IBM user support request in RAM",
              "fullTitle": "Request IBM user support to RAM Create IBM user support request in RAM",
              "timedOut": null,
              "duration": 35851,
              "state": "failed",
              "speed": null,
              "pass": false,
              "fail": true,
              "pending": false,
              "context": null,
              "code": "const state = window.testState;\nreturn cy\n  .then(() => state.onStartScenario(scenario, indexedSteps))\n  .then(() =>\n    resolveAndRunBeforeHooks.call(this, scenario.tags, state.feature.name)\n  )\n  .then(() =>\n    indexedSteps.forEach((step) =>\n      stepTest.call(this, state, step, rowData)\n    )\n  )\n  .then(() => state.onFinishScenario(scenario));",
              "err": {
                "message": "AssertionError: Timed out retrying after 18000ms: Expected to find element: `li[title=\"IBM user support\"]`, but never found it.",
                "estack": "AssertionError: Timed out retrying after 18000ms: Expected to find element: `li[title=\"IBM user support\"]`, but never found it.\n    at Context.eval (https://wwwstage.ibm.com/__cypress/tests?p=cypress/integration/Create%20request%20in%20RAM/Internal/IBM_user_support%20.feature:145:6)\n    at Context.resolveAndRunStepDefinition (https://wwwstage.ibm.com/__cypress/tests?p=cypress/integration/Create%20request%20in%20RAM/Internal/IBM_user_support%20.feature:10645:29)\n    at Context.eval (https://wwwstage.ibm.com/__cypress/tests?p=cypress/integration/Create%20request%20in%20RAM/Internal/IBM_user_support%20.feature:9966:35)",
                "diff": null
              },
              "uuid": "365d08f5-a60d-4a9c-bd1c-88a571fc3750",
              "parentUUID": "c5d4bcd1-30ea-4101-a234-d7898639297a",
              "isHook": false,
              "skipped": false
            }
          ],
          "suites": [],
          "passes": [],
          "failures": [
            "365d08f5-a60d-4a9c-bd1c-88a571fc3750"
          ],
          "pending": [],
          "skipped": [],
          "duration": 35851,
          "root": false,
          "rootEmpty": false,
          "_timeout": 2000
        }
      ],
      "passes": [],
      "failures": [],
      "pending": [],
      "skipped": [],
      "duration": 0,
      "root": true,
      "rootEmpty": true,
      "_timeout": 2000
    }
  ],
  "meta": {
    "mocha": {
      "version": "7.0.1"
    },
    "mochawesome": {
      "options": {
        "quiet": false,
        "reportFilename": "mochawesome",
        "saveHtml": false,
        "saveJson": true,
        "consoleReporter": "spec",
        "useInlineDiffs": false
      },
      "version": "4.1.0"
    },
    "marge": {
      "options": {
        "reportDir": "cypress/reports/separate-reports",
        "overwrite": false,
        "html": false,
        "json": true
      },
      "version": "4.0.1"
    }
  }
}