{
  "stats": {
    "suites": 1,
    "tests": 1,
    "passes": 0,
    "pending": 0,
    "failures": 1,
    "start": "2021-10-12T20:17:42.572Z",
    "end": "2021-10-12T20:18:10.661Z",
    "duration": 28089,
    "testsRegistered": 1,
    "passPercent": 0,
    "pendingPercent": 0,
    "other": 0,
    "hasOther": false,
    "skipped": 0,
    "hasSkipped": false
  },
  "results": [
    {
      "uuid": "fb61aaf9-57be-44fe-a79b-97030f89a0d0",
      "title": "",
      "fullFile": "cypress/integration/Create request in RAM/Internal/IBM_order_support_for_re-drive.feature",
      "file": "cypress/integration/Create request in RAM/Internal/IBM_order_support_for_re-drive.feature",
      "beforeHooks": [],
      "afterHooks": [],
      "tests": [],
      "suites": [
        {
          "uuid": "bd30efb1-0aae-49dd-9b1a-dfcc9fa1d8da",
          "title": "Request IBM order support for re-drive to RAM",
          "fullFile": "",
          "file": "",
          "beforeHooks": [],
          "afterHooks": [],
          "tests": [
            {
              "title": "Create IBM order support for re-drive request in RAM",
              "fullTitle": "Request IBM order support for re-drive to RAM Create IBM order support for re-drive request in RAM",
              "timedOut": null,
              "duration": 25832,
              "state": "failed",
              "speed": null,
              "pass": false,
              "fail": true,
              "pending": false,
              "context": null,
              "code": "const state = window.testState;\nreturn cy\n  .then(() => state.onStartScenario(scenario, indexedSteps))\n  .then(() =>\n    resolveAndRunBeforeHooks.call(this, scenario.tags, state.feature.name)\n  )\n  .then(() =>\n    indexedSteps.forEach((step) =>\n      stepTest.call(this, state, step, rowData)\n    )\n  )\n  .then(() => state.onFinishScenario(scenario));",
              "err": {
                "message": "Error: Step implementation missing for: I click submit the request",
                "estack": "Error: Step implementation missing for: I click submit the request\n    at Context.resolveAndRunStepDefinition (https://wwwstage.ibm.com/__cypress/tests?p=cypress/integration/Create%20request%20in%20RAM/Internal/IBM_order_support_for_re-drive.feature:10651:11)\n    at Context.eval (https://wwwstage.ibm.com/__cypress/tests?p=cypress/integration/Create%20request%20in%20RAM/Internal/IBM_order_support_for_re-drive.feature:9966:35)",
                "diff": null
              },
              "uuid": "b8622545-a82c-4d38-b00d-fcad4aa84c0e",
              "parentUUID": "bd30efb1-0aae-49dd-9b1a-dfcc9fa1d8da",
              "isHook": false,
              "skipped": false
            }
          ],
          "suites": [],
          "passes": [],
          "failures": [
            "b8622545-a82c-4d38-b00d-fcad4aa84c0e"
          ],
          "pending": [],
          "skipped": [],
          "duration": 25832,
          "root": false,
          "rootEmpty": false,
          "_timeout": 2000
        }
      ],
      "passes": [],
      "failures": [],
      "pending": [],
      "skipped": [],
      "duration": 0,
      "root": true,
      "rootEmpty": true,
      "_timeout": 2000
    }
  ],
  "meta": {
    "mocha": {
      "version": "7.0.1"
    },
    "mochawesome": {
      "options": {
        "quiet": false,
        "reportFilename": "mochawesome",
        "saveHtml": false,
        "saveJson": true,
        "consoleReporter": "spec",
        "useInlineDiffs": false
      },
      "version": "4.1.0"
    },
    "marge": {
      "options": {
        "reportDir": "cypress/reports/separate-reports",
        "overwrite": false,
        "html": false,
        "json": true
      },
      "version": "4.0.1"
    }
  }
}