{
  "stats": {
    "suites": 1,
    "tests": 1,
    "passes": 0,
    "pending": 0,
    "failures": 1,
    "start": "2021-09-30T21:30:48.543Z",
    "end": "2021-09-30T21:31:13.916Z",
    "duration": 25373,
    "testsRegistered": 1,
    "passPercent": 0,
    "pendingPercent": 0,
    "other": 0,
    "hasOther": false,
    "skipped": 0,
    "hasSkipped": false
  },
  "results": [
    {
      "uuid": "a1d89f08-052a-4a42-b3aa-fa942559dcf7",
      "title": "",
      "fullFile": "cypress/integration/Create request in RAM/IBM_order_support_for_re-drive.feature",
      "file": "cypress/integration/Create request in RAM/IBM_order_support_for_re-drive.feature",
      "beforeHooks": [],
      "afterHooks": [],
      "tests": [],
      "suites": [
        {
          "uuid": "62e5dfc7-35cb-4b17-8dea-e2aeeee875f6",
          "title": "Request IBM order support for re-drive to RAM",
          "fullFile": "",
          "file": "",
          "beforeHooks": [],
          "afterHooks": [],
          "tests": [
            {
              "title": "Create IBM order support for re-drive request in RAM",
              "fullTitle": "Request IBM order support for re-drive to RAM Create IBM order support for re-drive request in RAM",
              "timedOut": null,
              "duration": 22971,
              "state": "failed",
              "speed": null,
              "pass": false,
              "fail": true,
              "pending": false,
              "context": null,
              "code": "const state = window.testState;\nreturn cy\n  .then(() => state.onStartScenario(scenario, indexedSteps))\n  .then(() =>\n    resolveAndRunBeforeHooks.call(this, scenario.tags, state.feature.name)\n  )\n  .then(() =>\n    indexedSteps.forEach((step) =>\n      stepTest.call(this, state, step, rowData)\n    )\n  )\n  .then(() => state.onFinishScenario(scenario));",
              "err": {
                "message": "AssertionError: Timed out retrying after 18000ms: Expected to find element: `#username`, but never found it.",
                "estack": "AssertionError: Timed out retrying after 18000ms: Expected to find element: `#username`, but never found it.\n    at ssoLoginRAM (https://wwwstage.ibm.com/__cypress/tests?p=cypress/support/index.js:146:6)\n    at Context.eval (https://wwwstage.ibm.com/__cypress/tests?p=cypress/support/index.js:122:3)",
                "diff": null
              },
              "uuid": "e6fd0aa8-6d09-44a8-8339-0bb8a8880794",
              "parentUUID": "62e5dfc7-35cb-4b17-8dea-e2aeeee875f6",
              "isHook": false,
              "skipped": false
            }
          ],
          "suites": [],
          "passes": [],
          "failures": [
            "e6fd0aa8-6d09-44a8-8339-0bb8a8880794"
          ],
          "pending": [],
          "skipped": [],
          "duration": 22971,
          "root": false,
          "rootEmpty": false,
          "_timeout": 2000
        }
      ],
      "passes": [],
      "failures": [],
      "pending": [],
      "skipped": [],
      "duration": 0,
      "root": true,
      "rootEmpty": true,
      "_timeout": 2000
    }
  ],
  "meta": {
    "mocha": {
      "version": "7.0.1"
    },
    "mochawesome": {
      "options": {
        "quiet": false,
        "reportFilename": "mochawesome",
        "saveHtml": false,
        "saveJson": true,
        "consoleReporter": "spec",
        "useInlineDiffs": false
      },
      "version": "4.1.0"
    },
    "marge": {
      "options": {
        "reportDir": "cypress/reports/separate-reports",
        "overwrite": false,
        "html": false,
        "json": true
      },
      "version": "4.0.1"
    }
  }
}