{
  "stats": {
    "suites": 1,
    "tests": 1,
    "passes": 0,
    "pending": 0,
    "failures": 1,
    "start": "2021-09-30T21:28:28.274Z",
    "end": "2021-09-30T21:28:53.184Z",
    "duration": 24910,
    "testsRegistered": 1,
    "passPercent": 0,
    "pendingPercent": 0,
    "other": 0,
    "hasOther": false,
    "skipped": 0,
    "hasSkipped": false
  },
  "results": [
    {
      "uuid": "26f6efaa-b991-48a8-bf07-0e0981dd3646",
      "title": "",
      "fullFile": "cypress/integration/Administer groups RAM/RemoveUser.feature",
      "file": "cypress/integration/Administer groups RAM/RemoveUser.feature",
      "beforeHooks": [],
      "afterHooks": [],
      "tests": [],
      "suites": [
        {
          "uuid": "885b63ac-233b-4fd3-a195-684eca91c488",
          "title": "Remove user of group to RAM",
          "fullFile": "",
          "file": "",
          "beforeHooks": [],
          "afterHooks": [],
          "tests": [
            {
              "title": "Remove user group in RAM",
              "fullTitle": "Remove user of group to RAM Remove user group in RAM",
              "timedOut": null,
              "duration": 22429,
              "state": "failed",
              "speed": null,
              "pass": false,
              "fail": true,
              "pending": false,
              "context": null,
              "code": "const state = window.testState;\nreturn cy\n  .then(() => state.onStartScenario(scenario, indexedSteps))\n  .then(() =>\n    resolveAndRunBeforeHooks.call(this, scenario.tags, state.feature.name)\n  )\n  .then(() =>\n    indexedSteps.forEach((step) =>\n      stepTest.call(this, state, step, rowData)\n    )\n  )\n  .then(() => state.onFinishScenario(scenario));",
              "err": {
                "message": "AssertionError: Timed out retrying after 18000ms: Expected to find element: `#username`, but never found it.",
                "estack": "AssertionError: Timed out retrying after 18000ms: Expected to find element: `#username`, but never found it.\n    at ssoLoginRAM (https://wwwstage.ibm.com/__cypress/tests?p=cypress/support/index.js:146:6)\n    at Context.eval (https://wwwstage.ibm.com/__cypress/tests?p=cypress/support/index.js:122:3)",
                "diff": null
              },
              "uuid": "ddbd201b-644b-4461-8cc4-34d3c29a5779",
              "parentUUID": "885b63ac-233b-4fd3-a195-684eca91c488",
              "isHook": false,
              "skipped": false
            }
          ],
          "suites": [],
          "passes": [],
          "failures": [
            "ddbd201b-644b-4461-8cc4-34d3c29a5779"
          ],
          "pending": [],
          "skipped": [],
          "duration": 22429,
          "root": false,
          "rootEmpty": false,
          "_timeout": 2000
        }
      ],
      "passes": [],
      "failures": [],
      "pending": [],
      "skipped": [],
      "duration": 0,
      "root": true,
      "rootEmpty": true,
      "_timeout": 2000
    }
  ],
  "meta": {
    "mocha": {
      "version": "7.0.1"
    },
    "mochawesome": {
      "options": {
        "quiet": false,
        "reportFilename": "mochawesome",
        "saveHtml": false,
        "saveJson": true,
        "consoleReporter": "spec",
        "useInlineDiffs": false
      },
      "version": "4.1.0"
    },
    "marge": {
      "options": {
        "reportDir": "cypress/reports/separate-reports",
        "overwrite": false,
        "html": false,
        "json": true
      },
      "version": "4.0.1"
    }
  }
}