{
  "stats": {
    "suites": 1,
    "tests": 1,
    "passes": 0,
    "pending": 0,
    "failures": 1,
    "start": "2021-09-30T21:35:02.714Z",
    "end": "2021-09-30T21:35:29.568Z",
    "duration": 26854,
    "testsRegistered": 1,
    "passPercent": 0,
    "pendingPercent": 0,
    "other": 0,
    "hasOther": false,
    "skipped": 0,
    "hasSkipped": false
  },
  "results": [
    {
      "uuid": "10ba5f4a-2ea6-4f2c-b265-01b87e08d9f6",
      "title": "",
      "fullFile": "cypress/integration/Review request in RAM/ReviewDetailsRequest.feature",
      "file": "cypress/integration/Review request in RAM/ReviewDetailsRequest.feature",
      "beforeHooks": [],
      "afterHooks": [],
      "tests": [],
      "suites": [
        {
          "uuid": "8e846107-8869-4c72-85c6-68670242eea5",
          "title": "Review Request to RAM",
          "fullFile": "",
          "file": "",
          "beforeHooks": [],
          "afterHooks": [],
          "tests": [
            {
              "title": "Review request in RAM",
              "fullTitle": "Review Request to RAM Review request in RAM",
              "timedOut": null,
              "duration": 24475,
              "state": "failed",
              "speed": null,
              "pass": false,
              "fail": true,
              "pending": false,
              "context": null,
              "code": "const state = window.testState;\nreturn cy\n  .then(() => state.onStartScenario(scenario, indexedSteps))\n  .then(() =>\n    resolveAndRunBeforeHooks.call(this, scenario.tags, state.feature.name)\n  )\n  .then(() =>\n    indexedSteps.forEach((step) =>\n      stepTest.call(this, state, step, rowData)\n    )\n  )\n  .then(() => state.onFinishScenario(scenario));",
              "err": {
                "message": "AssertionError: Timed out retrying after 18000ms: Expected to find element: `#username`, but never found it.",
                "estack": "AssertionError: Timed out retrying after 18000ms: Expected to find element: `#username`, but never found it.\n    at ssoLoginRAM (https://wwwstage.ibm.com/__cypress/tests?p=cypress/support/index.js:146:6)\n    at Context.eval (https://wwwstage.ibm.com/__cypress/tests?p=cypress/support/index.js:122:3)",
                "diff": null
              },
              "uuid": "c7a72712-c97f-41a8-8b58-971d10b27cb8",
              "parentUUID": "8e846107-8869-4c72-85c6-68670242eea5",
              "isHook": false,
              "skipped": false
            }
          ],
          "suites": [],
          "passes": [],
          "failures": [
            "c7a72712-c97f-41a8-8b58-971d10b27cb8"
          ],
          "pending": [],
          "skipped": [],
          "duration": 24475,
          "root": false,
          "rootEmpty": false,
          "_timeout": 2000
        }
      ],
      "passes": [],
      "failures": [],
      "pending": [],
      "skipped": [],
      "duration": 0,
      "root": true,
      "rootEmpty": true,
      "_timeout": 2000
    }
  ],
  "meta": {
    "mocha": {
      "version": "7.0.1"
    },
    "mochawesome": {
      "options": {
        "quiet": false,
        "reportFilename": "mochawesome",
        "saveHtml": false,
        "saveJson": true,
        "consoleReporter": "spec",
        "useInlineDiffs": false
      },
      "version": "4.1.0"
    },
    "marge": {
      "options": {
        "reportDir": "cypress/reports/separate-reports",
        "overwrite": false,
        "html": false,
        "json": true
      },
      "version": "4.0.1"
    }
  }
}