{
  "stats": {
    "suites": 1,
    "tests": 1,
    "passes": 0,
    "pending": 0,
    "failures": 1,
    "start": "2021-10-12T20:15:53.329Z",
    "end": "2021-10-12T20:16:32.233Z",
    "duration": 38904,
    "testsRegistered": 1,
    "passPercent": 0,
    "pendingPercent": 0,
    "other": 0,
    "hasOther": false,
    "skipped": 0,
    "hasSkipped": false
  },
  "results": [
    {
      "uuid": "a6ddbe50-51cd-494d-ae4c-3d914d402908",
      "title": "",
      "fullFile": "cypress/integration/Create request in RAM/Internal/IBM_ notice_administrator.feature",
      "file": "cypress/integration/Create request in RAM/Internal/IBM_ notice_administrator.feature",
      "beforeHooks": [],
      "afterHooks": [],
      "tests": [],
      "suites": [
        {
          "uuid": "8e485fad-4dbb-43d3-aba2-7f4aebc3ba73",
          "title": "Request IBM notice administrator to RAM",
          "fullFile": "",
          "file": "",
          "beforeHooks": [],
          "afterHooks": [],
          "tests": [
            {
              "title": "Create IBM notice administrator request in RAM",
              "fullTitle": "Request IBM notice administrator to RAM Create IBM notice administrator request in RAM",
              "timedOut": null,
              "duration": 36390,
              "state": "failed",
              "speed": null,
              "pass": false,
              "fail": true,
              "pending": false,
              "context": null,
              "code": "const state = window.testState;\nreturn cy\n  .then(() => state.onStartScenario(scenario, indexedSteps))\n  .then(() =>\n    resolveAndRunBeforeHooks.call(this, scenario.tags, state.feature.name)\n  )\n  .then(() =>\n    indexedSteps.forEach((step) =>\n      stepTest.call(this, state, step, rowData)\n    )\n  )\n  .then(() => state.onFinishScenario(scenario));",
              "err": {
                "message": "AssertionError: Timed out retrying after 18000ms: Expected to find element: `li[title=\"IBM notice administrator\"]`, but never found it.",
                "estack": "AssertionError: Timed out retrying after 18000ms: Expected to find element: `li[title=\"IBM notice administrator\"]`, but never found it.\n    at Context.eval (https://wwwstage.ibm.com/__cypress/tests?p=cypress/integration/Create%20request%20in%20RAM/Internal/IBM_%20notice_administrator.feature:153:6)\n    at Context.resolveAndRunStepDefinition (https://wwwstage.ibm.com/__cypress/tests?p=cypress/integration/Create%20request%20in%20RAM/Internal/IBM_%20notice_administrator.feature:10645:29)\n    at Context.eval (https://wwwstage.ibm.com/__cypress/tests?p=cypress/integration/Create%20request%20in%20RAM/Internal/IBM_%20notice_administrator.feature:9966:35)",
                "diff": null
              },
              "uuid": "c21d5dd2-9dea-47da-a992-7d483287eaa8",
              "parentUUID": "8e485fad-4dbb-43d3-aba2-7f4aebc3ba73",
              "isHook": false,
              "skipped": false
            }
          ],
          "suites": [],
          "passes": [],
          "failures": [
            "c21d5dd2-9dea-47da-a992-7d483287eaa8"
          ],
          "pending": [],
          "skipped": [],
          "duration": 36390,
          "root": false,
          "rootEmpty": false,
          "_timeout": 2000
        }
      ],
      "passes": [],
      "failures": [],
      "pending": [],
      "skipped": [],
      "duration": 0,
      "root": true,
      "rootEmpty": true,
      "_timeout": 2000
    }
  ],
  "meta": {
    "mocha": {
      "version": "7.0.1"
    },
    "mochawesome": {
      "options": {
        "quiet": false,
        "reportFilename": "mochawesome",
        "saveHtml": false,
        "saveJson": true,
        "consoleReporter": "spec",
        "useInlineDiffs": false
      },
      "version": "4.1.0"
    },
    "marge": {
      "options": {
        "reportDir": "cypress/reports/separate-reports",
        "overwrite": false,
        "html": false,
        "json": true
      },
      "version": "4.0.1"
    }
  }
}