{
  "stats": {
    "suites": 1,
    "tests": 1,
    "passes": 0,
    "pending": 0,
    "failures": 1,
    "start": "2021-10-12T20:16:35.512Z",
    "end": "2021-10-12T20:16:57.997Z",
    "duration": 22485,
    "testsRegistered": 1,
    "passPercent": 0,
    "pendingPercent": 0,
    "other": 0,
    "hasOther": false,
    "skipped": 0,
    "hasSkipped": false
  },
  "results": [
    {
      "uuid": "af58c8f8-f0e8-441f-ac14-fb19d902ef71",
      "title": "",
      "fullFile": "cypress/integration/Create request in RAM/Internal/IBM_group_manager.feature",
      "file": "cypress/integration/Create request in RAM/Internal/IBM_group_manager.feature",
      "beforeHooks": [],
      "afterHooks": [],
      "tests": [],
      "suites": [
        {
          "uuid": "6985b94a-9866-47f8-87c5-957e150946cf",
          "title": "Request IBM group manager to RAM",
          "fullFile": "",
          "file": "",
          "beforeHooks": [],
          "afterHooks": [],
          "tests": [
            {
              "title": "Create IBM group manager request in RAM",
              "fullTitle": "Request IBM group manager to RAM Create IBM group manager request in RAM",
              "timedOut": null,
              "duration": 20106,
              "state": "failed",
              "speed": null,
              "pass": false,
              "fail": true,
              "pending": false,
              "context": null,
              "code": "const state = window.testState;\nreturn cy\n  .then(() => state.onStartScenario(scenario, indexedSteps))\n  .then(() =>\n    resolveAndRunBeforeHooks.call(this, scenario.tags, state.feature.name)\n  )\n  .then(() =>\n    indexedSteps.forEach((step) =>\n      stepTest.call(this, state, step, rowData)\n    )\n  )\n  .then(() => state.onFinishScenario(scenario));",
              "err": {
                "message": "CypressError: `cy.click()` can only be called on a single element. Your subject contained 2 elements. Pass `{ multiple: true }` if you want to serially click each element.\n\nhttps://on.cypress.io/click",
                "estack": "CypressError: `cy.click()` can only be called on a single element. Your subject contained 2 elements. Pass `{ multiple: true }` if you want to serially click each element.\n\nhttps://on.cypress.io/click\n    at mouseAction (https://wwwstage.ibm.com/__cypress/runner/cypress_runner.js:149801:76)\n    at Context.click (https://wwwstage.ibm.com/__cypress/runner/cypress_runner.js:149980:14)\n    at Context.<anonymous> (https://wwwstage.ibm.com/__cypress/runner/cypress_runner.js:169857:23)\nFrom Your Spec Code:\n    at Context.eval (https://wwwstage.ibm.com/__cypress/tests?p=cypress/integration/Create%20request%20in%20RAM/Internal/IBM_group_manager.feature:209:32)\n    at Context.resolveAndRunStepDefinition (https://wwwstage.ibm.com/__cypress/tests?p=cypress/integration/Create%20request%20in%20RAM/Internal/IBM_group_manager.feature:10645:29)\n    at Context.eval (https://wwwstage.ibm.com/__cypress/tests?p=cypress/integration/Create%20request%20in%20RAM/Internal/IBM_group_manager.feature:9966:35)",
                "diff": null
              },
              "uuid": "51b73324-fcde-4f87-b042-e5923f91194d",
              "parentUUID": "6985b94a-9866-47f8-87c5-957e150946cf",
              "isHook": false,
              "skipped": false
            }
          ],
          "suites": [],
          "passes": [],
          "failures": [
            "51b73324-fcde-4f87-b042-e5923f91194d"
          ],
          "pending": [],
          "skipped": [],
          "duration": 20106,
          "root": false,
          "rootEmpty": false,
          "_timeout": 2000
        }
      ],
      "passes": [],
      "failures": [],
      "pending": [],
      "skipped": [],
      "duration": 0,
      "root": true,
      "rootEmpty": true,
      "_timeout": 2000
    }
  ],
  "meta": {
    "mocha": {
      "version": "7.0.1"
    },
    "mochawesome": {
      "options": {
        "quiet": false,
        "reportFilename": "mochawesome",
        "saveHtml": false,
        "saveJson": true,
        "consoleReporter": "spec",
        "useInlineDiffs": false
      },
      "version": "4.1.0"
    },
    "marge": {
      "options": {
        "reportDir": "cypress/reports/separate-reports",
        "overwrite": false,
        "html": false,
        "json": true
      },
      "version": "4.0.1"
    }
  }
}