{
  "stats": {
    "suites": 1,
    "tests": 1,
    "passes": 0,
    "pending": 0,
    "failures": 1,
    "start": "2021-09-30T21:33:13.013Z",
    "end": "2021-09-30T21:33:38.572Z",
    "duration": 25559,
    "testsRegistered": 1,
    "passPercent": 0,
    "pendingPercent": 0,
    "other": 0,
    "hasOther": false,
    "skipped": 0,
    "hasSkipped": false
  },
  "results": [
    {
      "uuid": "cfe968e4-d1bc-47fa-ad91-665cf997adaa",
      "title": "",
      "fullFile": "cypress/integration/Login RAM/LoginRamExternal.feature",
      "file": "cypress/integration/Login RAM/LoginRamExternal.feature",
      "beforeHooks": [],
      "afterHooks": [],
      "tests": [],
      "suites": [
        {
          "uuid": "0c55dab1-b076-49fb-965f-4781efbe93ed",
          "title": "Login external to RAM",
          "fullFile": "",
          "file": "",
          "beforeHooks": [],
          "afterHooks": [],
          "tests": [
            {
              "title": "Login external to RAM",
              "fullTitle": "Login external to RAM Login external to RAM",
              "timedOut": null,
              "duration": 23311,
              "state": "failed",
              "speed": null,
              "pass": false,
              "fail": true,
              "pending": false,
              "context": null,
              "code": "const state = window.testState;\nreturn cy\n  .then(() => state.onStartScenario(scenario, indexedSteps))\n  .then(() =>\n    resolveAndRunBeforeHooks.call(this, scenario.tags, state.feature.name)\n  )\n  .then(() =>\n    indexedSteps.forEach((step) =>\n      stepTest.call(this, state, step, rowData)\n    )\n  )\n  .then(() => state.onFinishScenario(scenario));",
              "err": {
                "message": "AssertionError: Timed out retrying after 18000ms: Expected to find element: `#username`, but never found it.",
                "estack": "AssertionError: Timed out retrying after 18000ms: Expected to find element: `#username`, but never found it.\n    at ssoLoginRAM_External (https://wwwstage.ibm.com/__cypress/tests?p=cypress/support/index.js:212:6)\n    at Context.eval (https://wwwstage.ibm.com/__cypress/tests?p=cypress/support/index.js:188:3)",
                "diff": null
              },
              "uuid": "00a46d33-73e9-4209-9736-ff8e6c55a6c6",
              "parentUUID": "0c55dab1-b076-49fb-965f-4781efbe93ed",
              "isHook": false,
              "skipped": false
            }
          ],
          "suites": [],
          "passes": [],
          "failures": [
            "00a46d33-73e9-4209-9736-ff8e6c55a6c6"
          ],
          "pending": [],
          "skipped": [],
          "duration": 23311,
          "root": false,
          "rootEmpty": false,
          "_timeout": 2000
        }
      ],
      "passes": [],
      "failures": [],
      "pending": [],
      "skipped": [],
      "duration": 0,
      "root": true,
      "rootEmpty": true,
      "_timeout": 2000
    }
  ],
  "meta": {
    "mocha": {
      "version": "7.0.1"
    },
    "mochawesome": {
      "options": {
        "quiet": false,
        "reportFilename": "mochawesome",
        "saveHtml": false,
        "saveJson": true,
        "consoleReporter": "spec",
        "useInlineDiffs": false
      },
      "version": "4.1.0"
    },
    "marge": {
      "options": {
        "reportDir": "cypress/reports/separate-reports",
        "overwrite": false,
        "html": false,
        "json": true
      },
      "version": "4.0.1"
    }
  }
}