{
  "stats": {
    "suites": 1,
    "tests": 1,
    "passes": 0,
    "pending": 0,
    "failures": 1,
    "start": "2021-09-20T23:29:56.654Z",
    "end": "2021-09-20T23:30:45.841Z",
    "duration": 49187,
    "testsRegistered": 1,
    "passPercent": 0,
    "pendingPercent": 0,
    "other": 0,
    "hasOther": false,
    "skipped": 0,
    "hasSkipped": false
  },
  "results": [
    {
      "uuid": "cb7f5496-f5f8-4619-a7d2-e86ba11e26bc",
      "title": "",
      "fullFile": "cypress/integration/Login/Login.feature",
      "file": "cypress/integration/Login/Login.feature",
      "beforeHooks": [],
      "afterHooks": [],
      "tests": [],
      "suites": [
        {
          "uuid": "51307b65-5b0c-413f-a5d0-f49cab6b4772",
          "title": "Login to Shopz",
          "fullFile": "",
          "file": "",
          "beforeHooks": [],
          "afterHooks": [],
          "tests": [
            {
              "title": "Login to Shopz",
              "fullTitle": "Login to Shopz Login to Shopz",
              "timedOut": null,
              "duration": 45169,
              "state": "failed",
              "speed": null,
              "pass": false,
              "fail": true,
              "pending": false,
              "context": null,
              "code": "const state = window.testState;\nreturn cy\n  .then(() => state.onStartScenario(scenario, indexedSteps))\n  .then(() =>\n    resolveAndRunBeforeHooks.call(this, scenario.tags, state.feature.name)\n  )\n  .then(() =>\n    indexedSteps.forEach((step) =>\n      stepTest.call(this, state, step, rowData)\n    )\n  )\n  .then(() => state.onFinishScenario(scenario));",
              "err": {
                "message": "AssertionError: Timed out retrying after 18000ms: Expected to find element: `form[name=\"form1\"]`, but never found it.",
                "estack": "AssertionError: Timed out retrying after 18000ms: Expected to find element: `form[name=\"form1\"]`, but never found it.\n    at Context.eval (https://wwwstage.ibm.com/__cypress/tests?p=cypress/integration/Login/Login.feature:43:32)\n    at Context.resolveAndRunStepDefinition (https://wwwstage.ibm.com/__cypress/tests?p=cypress/integration/Login/Login.feature:12377:29)\n    at Context.eval (https://wwwstage.ibm.com/__cypress/tests?p=cypress/integration/Login/Login.feature:11698:35)",
                "diff": null
              },
              "uuid": "4be2e730-1d8f-41d2-8baf-e7d955c6cdb9",
              "parentUUID": "51307b65-5b0c-413f-a5d0-f49cab6b4772",
              "isHook": false,
              "skipped": false
            }
          ],
          "suites": [],
          "passes": [],
          "failures": [
            "4be2e730-1d8f-41d2-8baf-e7d955c6cdb9"
          ],
          "pending": [],
          "skipped": [],
          "duration": 45169,
          "root": false,
          "rootEmpty": false,
          "_timeout": 2000
        }
      ],
      "passes": [],
      "failures": [],
      "pending": [],
      "skipped": [],
      "duration": 0,
      "root": true,
      "rootEmpty": true,
      "_timeout": 2000
    }
  ],
  "meta": {
    "mocha": {
      "version": "7.0.1"
    },
    "mochawesome": {
      "options": {
        "quiet": false,
        "reportFilename": "mochawesome",
        "saveHtml": false,
        "saveJson": true,
        "consoleReporter": "spec",
        "useInlineDiffs": false
      },
      "version": "4.1.0"
    },
    "marge": {
      "options": {
        "reportDir": "cypress/reports/separate-reports",
        "overwrite": false,
        "html": false,
        "json": true
      },
      "version": "4.0.1"
    }
  }
}