{
  "stats": {
    "suites": 1,
    "tests": 1,
    "passes": 1,
    "pending": 0,
    "failures": 0,
    "start": "2021-10-12T20:14:41.448Z",
    "end": "2021-10-12T20:15:19.770Z",
    "duration": 38322,
    "testsRegistered": 1,
    "passPercent": 100,
    "pendingPercent": 0,
    "other": 0,
    "hasOther": false,
    "skipped": 0,
    "hasSkipped": false
  },
  "results": [
    {
      "uuid": "94f62ffb-a208-4004-bdee-88c85c267ee6",
      "title": "",
      "fullFile": "cypress/integration/Administer groups RAM/Internal/RemoveUser.feature",
      "file": "cypress/integration/Administer groups RAM/Internal/RemoveUser.feature",
      "beforeHooks": [],
      "afterHooks": [],
      "tests": [],
      "suites": [
        {
          "uuid": "0ad390ef-fb7d-4971-8895-eaf918880340",
          "title": "Remove user of group to RAM",
          "fullFile": "",
          "file": "",
          "beforeHooks": [],
          "afterHooks": [],
          "tests": [
            {
              "title": "Remove user group in RAM",
              "fullTitle": "Remove user of group to RAM Remove user group in RAM",
              "timedOut": null,
              "duration": 36036,
              "state": "passed",
              "speed": "slow",
              "pass": true,
              "fail": false,
              "pending": false,
              "context": null,
              "code": "const state = window.testState;\nreturn cy\n  .then(() => state.onStartScenario(scenario, indexedSteps))\n  .then(() =>\n    resolveAndRunBeforeHooks.call(this, scenario.tags, state.feature.name)\n  )\n  .then(() =>\n    indexedSteps.forEach((step) =>\n      stepTest.call(this, state, step, rowData)\n    )\n  )\n  .then(() => state.onFinishScenario(scenario));",
              "err": {},
              "uuid": "e69fac8c-dd0c-4159-ada6-468777470ede",
              "parentUUID": "0ad390ef-fb7d-4971-8895-eaf918880340",
              "isHook": false,
              "skipped": false
            }
          ],
          "suites": [],
          "passes": [
            "e69fac8c-dd0c-4159-ada6-468777470ede"
          ],
          "failures": [],
          "pending": [],
          "skipped": [],
          "duration": 36036,
          "root": false,
          "rootEmpty": false,
          "_timeout": 2000
        }
      ],
      "passes": [],
      "failures": [],
      "pending": [],
      "skipped": [],
      "duration": 0,
      "root": true,
      "rootEmpty": true,
      "_timeout": 2000
    }
  ],
  "meta": {
    "mocha": {
      "version": "7.0.1"
    },
    "mochawesome": {
      "options": {
        "quiet": false,
        "reportFilename": "mochawesome",
        "saveHtml": false,
        "saveJson": true,
        "consoleReporter": "spec",
        "useInlineDiffs": false
      },
      "version": "4.1.0"
    },
    "marge": {
      "options": {
        "reportDir": "cypress/reports/separate-reports",
        "overwrite": false,
        "html": false,
        "json": true
      },
      "version": "4.0.1"
    }
  }
}