{
  "stats": {
    "suites": 1,
    "tests": 1,
    "passes": 0,
    "pending": 0,
    "failures": 1,
    "start": "2021-10-12T20:15:22.903Z",
    "end": "2021-10-12T20:15:50.095Z",
    "duration": 27192,
    "testsRegistered": 1,
    "passPercent": 0,
    "pendingPercent": 0,
    "other": 0,
    "hasOther": false,
    "skipped": 0,
    "hasSkipped": false
  },
  "results": [
    {
      "uuid": "5d05b334-384e-4f92-9384-e174aca0ba7a",
      "title": "",
      "fullFile": "cypress/integration/Create request in RAM/Internal/Customer_number_event_subscriber.feature",
      "file": "cypress/integration/Create request in RAM/Internal/Customer_number_event_subscriber.feature",
      "beforeHooks": [],
      "afterHooks": [],
      "tests": [],
      "suites": [
        {
          "uuid": "60543ef6-0bc5-4981-aa5c-2b326c8328eb",
          "title": "Request Customer number event subscriber to RAM",
          "fullFile": "",
          "file": "",
          "beforeHooks": [],
          "afterHooks": [],
          "tests": [
            {
              "title": "Create Customer number event subscriber request in RAM",
              "fullTitle": "Request Customer number event subscriber to RAM Create Customer number event subscriber request in RAM",
              "timedOut": null,
              "duration": 24747,
              "state": "failed",
              "speed": null,
              "pass": false,
              "fail": true,
              "pending": false,
              "context": null,
              "code": "const state = window.testState;\nreturn cy\n  .then(() => state.onStartScenario(scenario, indexedSteps))\n  .then(() =>\n    resolveAndRunBeforeHooks.call(this, scenario.tags, state.feature.name)\n  )\n  .then(() =>\n    indexedSteps.forEach((step) =>\n      stepTest.call(this, state, step, rowData)\n    )\n  )\n  .then(() => state.onFinishScenario(scenario));",
              "err": {
                "message": "Error: Step implementation missing for: I click submit the request",
                "estack": "Error: Step implementation missing for: I click submit the request\n    at Context.resolveAndRunStepDefinition (https://wwwstage.ibm.com/__cypress/tests?p=cypress/integration/Create%20request%20in%20RAM/Internal/Customer_number_event_subscriber.feature:10651:11)\n    at Context.eval (https://wwwstage.ibm.com/__cypress/tests?p=cypress/integration/Create%20request%20in%20RAM/Internal/Customer_number_event_subscriber.feature:9966:35)",
                "diff": null
              },
              "uuid": "75716128-e671-4108-a4a8-ea9f53c83f79",
              "parentUUID": "60543ef6-0bc5-4981-aa5c-2b326c8328eb",
              "isHook": false,
              "skipped": false
            }
          ],
          "suites": [],
          "passes": [],
          "failures": [
            "75716128-e671-4108-a4a8-ea9f53c83f79"
          ],
          "pending": [],
          "skipped": [],
          "duration": 24747,
          "root": false,
          "rootEmpty": false,
          "_timeout": 2000
        }
      ],
      "passes": [],
      "failures": [],
      "pending": [],
      "skipped": [],
      "duration": 0,
      "root": true,
      "rootEmpty": true,
      "_timeout": 2000
    }
  ],
  "meta": {
    "mocha": {
      "version": "7.0.1"
    },
    "mochawesome": {
      "options": {
        "quiet": false,
        "reportFilename": "mochawesome",
        "saveHtml": false,
        "saveJson": true,
        "consoleReporter": "spec",
        "useInlineDiffs": false
      },
      "version": "4.1.0"
    },
    "marge": {
      "options": {
        "reportDir": "cypress/reports/separate-reports",
        "overwrite": false,
        "html": false,
        "json": true
      },
      "version": "4.0.1"
    }
  }
}