{
  "stats": {
    "suites": 1,
    "tests": 1,
    "passes": 1,
    "pending": 0,
    "failures": 0,
    "start": "2021-10-12T20:20:58.182Z",
    "end": "2021-10-12T20:21:13.147Z",
    "duration": 14965,
    "testsRegistered": 1,
    "passPercent": 100,
    "pendingPercent": 0,
    "other": 0,
    "hasOther": false,
    "skipped": 0,
    "hasSkipped": false
  },
  "results": [
    {
      "uuid": "f93e170b-6055-4a44-9cb5-035238012cd0",
      "title": "",
      "fullFile": "cypress/integration/Login RAM/Internal/LoginRamInternal.feature",
      "file": "cypress/integration/Login RAM/Internal/LoginRamInternal.feature",
      "beforeHooks": [],
      "afterHooks": [],
      "tests": [],
      "suites": [
        {
          "uuid": "10db6ca1-efb3-4f13-adb8-bc451d13da79",
          "title": "Login to RAM",
          "fullFile": "",
          "file": "",
          "beforeHooks": [],
          "afterHooks": [],
          "tests": [
            {
              "title": "Login to RAM",
              "fullTitle": "Login to RAM Login to RAM",
              "timedOut": null,
              "duration": 12290,
              "state": "passed",
              "speed": "slow",
              "pass": true,
              "fail": false,
              "pending": false,
              "context": null,
              "code": "const state = window.testState;\nreturn cy\n  .then(() => state.onStartScenario(scenario, indexedSteps))\n  .then(() =>\n    resolveAndRunBeforeHooks.call(this, scenario.tags, state.feature.name)\n  )\n  .then(() =>\n    indexedSteps.forEach((step) =>\n      stepTest.call(this, state, step, rowData)\n    )\n  )\n  .then(() => state.onFinishScenario(scenario));",
              "err": {},
              "uuid": "a33b02a9-1813-45e4-b090-6075e49d5fbf",
              "parentUUID": "10db6ca1-efb3-4f13-adb8-bc451d13da79",
              "isHook": false,
              "skipped": false
            }
          ],
          "suites": [],
          "passes": [
            "a33b02a9-1813-45e4-b090-6075e49d5fbf"
          ],
          "failures": [],
          "pending": [],
          "skipped": [],
          "duration": 12290,
          "root": false,
          "rootEmpty": false,
          "_timeout": 2000
        }
      ],
      "passes": [],
      "failures": [],
      "pending": [],
      "skipped": [],
      "duration": 0,
      "root": true,
      "rootEmpty": true,
      "_timeout": 2000
    }
  ],
  "meta": {
    "mocha": {
      "version": "7.0.1"
    },
    "mochawesome": {
      "options": {
        "quiet": false,
        "reportFilename": "mochawesome",
        "saveHtml": false,
        "saveJson": true,
        "consoleReporter": "spec",
        "useInlineDiffs": false
      },
      "version": "4.1.0"
    },
    "marge": {
      "options": {
        "reportDir": "cypress/reports/separate-reports",
        "overwrite": false,
        "html": false,
        "json": true
      },
      "version": "4.0.1"
    }
  }
}